[ribbon-finance.webflow.io/index.html]
[backblue.gif]
[fade.gif]
[index.html]
[assets.website-files.com/61dc30b88f91391a2061b3a2/css/ribbon-finance.9dbfbab96.css]
[ajax.googleapis.com/ajax/libs/webfont/1.6.26/webfont.js]
[assets.website-files.com/61dc30b88f91391a2061b3a2/6217be975327dac69f1da7b1_favicon-32x32.png]
[assets.website-files.com/61dc30b88f91391a2061b3a2/6217be9e060ef84466ee0bdd_ms-icon-310x310.png]
[assets.website-files.com/61dc30b88f91391a2061b3a2/61dc3622b01374de8acf223c_asset 5.svg]
[assets.website-files.com/61dc30b88f91391a2061b3a2/61dc3622dc67ea550cc31028_asset 6.svg]
[assets.website-files.com/61dc30b88f91391a2061b3a2/61dd942767ad5e18565d6ddd_avax logo.svg]
[assets.website-files.com/61dc30b88f91391a2061b3a2/61dd9a53ad4d575a4782e80e_bitcoin-btc-logo.svg]
[assets.website-files.com/61dc30b88f91391a2061b3a2/61dd9530df2dbe3988f0a280_steth.svg]
[assets.website-files.com/61dc30b88f91391a2061b3a2/61dd9641a90b3547fedeebc8_yvusdc.svg]
[assets.website-files.com/61dc30b88f91391a2061b3a2/61dd9724dcb45320d2d33cb1_ETH (1).svg]
[assets.website-files.com/61dc30b88f91391a2061b3a2/61dd81ec4855bcb60ac6d56f_ribbon-graph (1)-cropped.svg]
[assets.website-files.com/61dc30b88f91391a2061b3a2/61dc3622dd32211da3c052e9_asset 0.svg]
[assets.website-files.com/61dc30b88f91391a2061b3a2/61dc36227d99a520b23967e8_asset 1.svg]
[assets.website-files.com/61dc30b88f91391a2061b3a2/61dc3622b3988aac27345995_asset 2.svg]
[assets.website-files.com/61dc30b88f91391a2061b3a2/61dc3622c3225ed3e624b7a8_asset 3.svg]
[assets.website-files.com/61dc30b88f91391a2061b3a2/61dc36220c997b14b46cbc32_asset 4.svg]
[d3e54v103j8qbb.cloudfront.net/js/jquery-3.5.1.min.dc5e7f18c86439.js]
[ribbon-finance.webflow.io/index.html]
[assets.website-files.com/61dc30b88f91391a2061b3a2/css/ribbon-finance.9dbfbab96.css]
[assets.website-files.com/61dc30b88f91391a2061b3a2/61dc3622b01374de8acf223c_asset 5.svg]
[assets.website-files.com/61dc30b88f91391a2061b3a2/61dc3622dc67ea550cc31028_asset 6.svg]
[assets.website-files.com/61dc30b88f91391a2061b3a2/61dd942767ad5e18565d6ddd_avax logo.svg]
[assets.website-files.com/61dc30b88f91391a2061b3a2/61dd9a53ad4d575a4782e80e_bitcoin-btc-logo.svg]
[assets.website-files.com/61dc30b88f91391a2061b3a2/61dd9530df2dbe3988f0a280_steth.svg]
[assets.website-files.com/61dc30b88f91391a2061b3a2/61dd9641a90b3547fedeebc8_yvusdc.svg]
[assets.website-files.com/61dc30b88f91391a2061b3a2/61dd9724dcb45320d2d33cb1_ETH (1).svg]
[assets.website-files.com/61dc30b88f91391a2061b3a2/61dd81ec4855bcb60ac6d56f_ribbon-graph (1)-cropped.svg]
[assets.website-files.com/61dc30b88f91391a2061b3a2/61dc3622dd32211da3c052e9_asset 0.svg]
[assets.website-files.com/61dc30b88f91391a2061b3a2/61dc36227d99a520b23967e8_asset 1.svg]
[assets.website-files.com/61dc30b88f91391a2061b3a2/61dc3622b3988aac27345995_asset 2.svg]
[assets.website-files.com/61dc30b88f91391a2061b3a2/61dc3622c3225ed3e624b7a8_asset 3.svg]
[assets.website-files.com/61dc30b88f91391a2061b3a2/61dc36220c997b14b46cbc32_asset 4.svg]
[assets.website-files.com/61dc30b88f91391a2061b3a2/js/ribbon-finance.6f0a62ef1.js]
